0 verbose cli D:\software\nodejs\node.exe D:\software\nodejs\node_modules\npm\bin\npm-cli.js
1 info using npm@10.8.2
2 info using node@v20.19.3
3 silly config load:file:D:\software\nvm\nvm\v20.19.3\node_modules\npm\npmrc
4 silly config load:file:C:\Users\田小宇\Desktop\petdev\.npmrc
5 silly config load:file:C:\Users\田小宇\.npmrc
6 silly config load:file:D:\software\nvm\nodejs\node_global\etc\npmrc
7 verbose title npm publish
8 verbose argv "publish" "--workspace" "packages/petdev" "--access" "public"
9 verbose logfile logs-max:10 dir:C:\Users\田小宇\Desktop\petdev\.npm-cache\_logs\2026-05-28T15_49_52_707Z-
10 verbose logfile C:\Users\田小宇\Desktop\petdev\.npm-cache\_logs\2026-05-28T15_49_52_707Z-debug-0.log
11 silly logfile start cleaning logs, removing 1 files
12 silly logfile done cleaning log files
13 verbose publish [ 'C:\\Users\\田小宇\\Desktop\\petdev\\packages\\petdev' ]
14 silly packumentCache heap:4345298944 maxSize:1086324736 maxEntrySize:543162368
15 warn publish npm auto-corrected some errors in your package.json when publishing.  Please run "npm pkg fix" to address these errors.
16 warn publish errors corrected:
16 warn publish "bin[petdev]" script name was cleaned
17 notice
18 notice package: petdev@0.1.1
19 notice Tarball Contents
20 notice 281B README.md
20 notice 1.3kB bin/petdev.js
20 notice 405B package.json
20 notice 1.6kB src/catalog.js
20 notice 3.0kB src/install.js
20 notice 969B src/registry.js
21 notice Tarball Details
22 notice name: petdev
23 notice version: 0.1.1
24 notice filename: petdev-0.1.1.tgz
25 notice package size: 3.3 kB
26 notice unpacked size: 7.6 kB
27 notice shasum: 30f5a184621ac87826b2a6063149e7c5fbf5b662
28 notice integrity: sha512-i9+5JPOTgxXjM[...]ygLEDNvM/kMYg==
29 notice total files: 6
30 notice
31 notice Publishing to https://registry.npmjs.org/ with tag latest and public access
32 http fetch PUT 401 https://registry.npmjs.org/petdev 954ms
33 verbose web auth opening url pair
34 http fetch GET 202 https://registry.npmjs.org/-/v1/done?authId=*** 248ms
35 http fetch GET 202 https://registry.npmjs.org/-/v1/done?authId=*** 245ms
36 http fetch GET 202 https://registry.npmjs.org/-/v1/done?authId=*** 250ms
37 http fetch GET 202 https://registry.npmjs.org/-/v1/done?authId=*** 247ms
38 http fetch GET 200 https://registry.npmjs.org/-/v1/done?authId=*** 259ms
39 verbose web auth done-check finished
40 http fetch PUT 200 https://registry.npmjs.org/petdev 2281ms
41 verbose cwd C:\Users\田小宇\Desktop\petdev
42 verbose os Windows_NT 10.0.22621
43 verbose node v20.19.3
44 verbose npm  v10.8.2
45 verbose exit 0
46 info ok
