0 verbose cli D:\software\nodejs\node.exe D:\software\nvm\nvm\v20.19.3\node_modules\npm\bin\npm-cli.js
1 info using npm@10.8.2
2 info using node@v20.19.3
3 silly config load:file:D:\software\nvm\nvm\v20.19.3\node_modules\npm\npmrc
4 silly config load:file:C:\Users\田小宇\Desktop\petdev\.npmrc
5 silly config load:file:C:\Users\田小宇\.npmrc
6 silly config load:file:D:\software\nvm\nodejs\node_global\etc\npmrc
7 verbose title npm exec petdev@latest list
8 verbose argv "exec" "--yes" "--" "petdev@latest" "list"
9 verbose logfile logs-max:10 dir:C:\Users\田小宇\Desktop\petdev\.npm-cache\_logs\2026-05-28T15_51_33_316Z-
10 verbose logfile C:\Users\田小宇\Desktop\petdev\.npm-cache\_logs\2026-05-28T15_51_33_316Z-debug-0.log
11 silly logfile start cleaning logs, removing 1 files
12 silly logfile done cleaning log files
13 silly packumentCache heap:4345298944 maxSize:1086324736 maxEntrySize:543162368
14 http fetch GET 200 https://registry.npmjs.org/petdev 872ms (cache miss)
15 silly packumentCache heap:4345298944 maxSize:1086324736 maxEntrySize:543162368
16 silly packumentCache heap:4345298944 maxSize:1086324736 maxEntrySize:543162368
17 silly idealTree buildDeps
18 silly fetch manifest petdev@0.1.1
19 silly packumentCache full:https://registry.npmjs.org/petdev cache-miss
20 http fetch GET 200 https://registry.npmjs.org/petdev 94ms (cache miss)
21 silly packumentCache full:https://registry.npmjs.org/petdev set size:undefined disposed:false
22 silly placeDep ROOT petdev@0.1.1 REPLACE for:  want: 0.1.1
23 silly reify mark retired [
23 silly reify   'C:\\Users\\田小宇\\Desktop\\petdev\\.npm-cache\\_npx\\5f4233aaff6e7d00\\node_modules\\petdev',
23 silly reify   'C:\\Users\\田小宇\\Desktop\\petdev\\.npm-cache\\_npx\\5f4233aaff6e7d00\\node_modules\\.bin\\petdev',
23 silly reify   'C:\\Users\\田小宇\\Desktop\\petdev\\.npm-cache\\_npx\\5f4233aaff6e7d00\\node_modules\\.bin\\petdev.cmd',
23 silly reify   'C:\\Users\\田小宇\\Desktop\\petdev\\.npm-cache\\_npx\\5f4233aaff6e7d00\\node_modules\\.bin\\petdev.ps1'
23 silly reify ]
24 silly reify moves {
24 silly reify   'C:\\Users\\田小宇\\Desktop\\petdev\\.npm-cache\\_npx\\5f4233aaff6e7d00\\node_modules\\petdev': 'C:\\Users\\田小宇\\Desktop\\petdev\\.npm-cache\\_npx\\5f4233aaff6e7d00\\node_modules\\.petdev-2D0Y0HsK',
24 silly reify   'C:\\Users\\田小宇\\Desktop\\petdev\\.npm-cache\\_npx\\5f4233aaff6e7d00\\node_modules\\.bin\\petdev': 'C:\\Users\\田小宇\\Desktop\\petdev\\.npm-cache\\_npx\\5f4233aaff6e7d00\\node_modules\\.bin\\.petdev-D7cujerK',
24 silly reify   'C:\\Users\\田小宇\\Desktop\\petdev\\.npm-cache\\_npx\\5f4233aaff6e7d00\\node_modules\\.bin\\petdev.cmd': 'C:\\Users\\田小宇\\Desktop\\petdev\\.npm-cache\\_npx\\5f4233aaff6e7d00\\node_modules\\.bin\\.petdev.cmd-rVT0HEcQ',
24 silly reify   'C:\\Users\\田小宇\\Desktop\\petdev\\.npm-cache\\_npx\\5f4233aaff6e7d00\\node_modules\\.bin\\petdev.ps1': 'C:\\Users\\田小宇\\Desktop\\petdev\\.npm-cache\\_npx\\5f4233aaff6e7d00\\node_modules\\.bin\\.petdev.ps1-cN871IrA'
24 silly reify }
25 silly audit bulk request { petdev: [ '0.1.1' ] }
26 http fetch POST 200 https://registry.npmjs.org/-/npm/v1/security/advisories/bulk 413ms
27 silly audit report {}
28 verbose cwd C:\Users\田小宇\Desktop\petdev
29 verbose os Windows_NT 10.0.22621
30 verbose node v20.19.3
31 verbose npm  v10.8.2
32 verbose exit 0
33 info ok
