0 verbose cli D:\software\nodejs\node.exe D:\software\nodejs\node_modules\npm\bin\npm-cli.js
1 info using npm@10.8.2
2 info using node@v20.19.3
3 silly config load:file:D:\software\nvm\nvm\v20.19.3\node_modules\npm\npmrc
4 silly config load:file:C:\Users\田小宇\Desktop\petdev\.npmrc
5 silly config load:file:C:\Users\田小宇\.npmrc
6 silly config load:file:D:\software\nvm\nodejs\node_global\etc\npmrc
7 verbose title npm login
8 verbose argv "login"
9 verbose logfile logs-max:10 dir:C:\Users\田小宇\Desktop\petdev\.npm-cache\_logs\2026-05-28T15_03_14_035Z-
10 verbose logfile C:\Users\田小宇\Desktop\petdev\.npm-cache\_logs\2026-05-28T15_03_14_035Z-debug-0.log
11 notice Log in on https://registry.npmjs.org/
12 verbose web login before first POST
13 silly logfile done cleaning log files
14 http fetch POST 200 https://registry.npmjs.org/-/v1/login 789ms
15 verbose web auth got response {
15 verbose web auth   loginUrl: 'https://www.npmjs.com/login?next=/login/cli/ecba9dd0-22a7-49ae-9646-281039bf1aed',
15 verbose web auth   doneUrl: 'https://registry.npmjs.org/-/v1/done?sessionId=ecba9dd0-22a7-49ae-9646-281039bf1aed'
15 verbose web auth }
16 verbose web auth opening url pair
17 http fetch GET 202 https://registry.npmjs.org/-/v1/done?sessionId=*** 247ms
18 http fetch GET 202 https://registry.npmjs.org/-/v1/done?sessionId=*** 231ms
19 http fetch GET 202 https://registry.npmjs.org/-/v1/done?sessionId=*** 250ms
20 http fetch GET 202 https://registry.npmjs.org/-/v1/done?sessionId=*** 235ms
21 http fetch GET 202 https://registry.npmjs.org/-/v1/done?sessionId=*** 243ms
22 http fetch GET 202 https://registry.npmjs.org/-/v1/done?sessionId=*** 270ms
23 http fetch GET 202 https://registry.npmjs.org/-/v1/done?sessionId=*** 247ms
24 http fetch GET 202 https://registry.npmjs.org/-/v1/done?sessionId=*** 243ms
25 http fetch GET 202 https://registry.npmjs.org/-/v1/done?sessionId=*** 238ms
26 http fetch GET 202 https://registry.npmjs.org/-/v1/done?sessionId=*** 254ms
27 http fetch GET 200 https://registry.npmjs.org/-/v1/done?sessionId=*** 355ms
28 verbose web auth done-check finished
29 info login Logged in on https://registry.npmjs.org/.
30 verbose cwd C:\Users\田小宇\Desktop\petdev
31 verbose os Windows_NT 10.0.22621
32 verbose node v20.19.3
33 verbose npm  v10.8.2
34 verbose exit 0
35 info ok
