0 verbose cli D:\software\nodejs\node.exe D:\software\nodejs\node_modules\npm\bin\npm-cli.js
1 info using npm@10.8.2
2 info using node@v20.19.3
3 silly config load:file:D:\software\nvm\nvm\v20.19.3\node_modules\npm\npmrc
4 silly config load:file:C:\Users\田小宇\Desktop\petdev\.npmrc
5 silly config load:file:C:\Users\田小宇\.npmrc
6 silly config load:file:D:\software\nvm\nodejs\node_global\etc\npmrc
7 verbose title npm pack
8 verbose argv "pack" "--workspace" "packages/petdev" "--dry-run"
9 verbose logfile logs-max:10 dir:C:\Users\田小宇\Desktop\petdev\.npm-cache\_logs\2026-05-28T15_04_19_371Z-
10 verbose logfile C:\Users\田小宇\Desktop\petdev\.npm-cache\_logs\2026-05-28T15_04_19_371Z-debug-0.log
11 silly logfile done cleaning log files
12 silly packumentCache heap:4345298944 maxSize:1086324736 maxEntrySize:543162368
13 notice
14 notice package: petdev@0.1.0
15 notice Tarball Contents
16 notice 281B README.md
16 notice 1.2kB bin/petdev.js
16 notice 405B package.json
16 notice 1.6kB src/catalog.js
16 notice 3.0kB src/install.js
16 notice 778B src/registry.js
17 notice Tarball Details
18 notice name: petdev
19 notice version: 0.1.0
20 notice filename: petdev-0.1.0.tgz
21 notice package size: 3.2 kB
22 notice unpacked size: 7.3 kB
23 notice shasum: 1c0c526f46d6eb23728d2aeb5e3ed6281ea1b444
24 notice integrity: sha512-H/RKqyqWKwFmG[...]EU+n9FAuPinsQ==
25 notice total files: 6
26 notice
27 verbose cwd C:\Users\田小宇\Desktop\petdev
28 verbose os Windows_NT 10.0.22621
29 verbose node v20.19.3
30 verbose npm  v10.8.2
31 verbose exit 0
32 info ok
